[dotenv@17.2.3] injecting env (3) from .env -- tip: ๐๏ธ  run anywhere with `dotenvx run -- yourcommand`


  4.4 51% Attack Simulation (reorg / double-spend demo)

[Setup]
Merchant ETH before: 10000.0
Attacker2 ETH before: 10000.0

[Snapshot]
Snapshot id: 0x1
Fork point block: 0

[Honest chain]
Pay tx hash: 0xcb88755ac36a57114c17924be54f06ce7a61e806e0bd884c901bafd96240cee9
Pay tx mined in block: 1
After confirmations, block: 4
Merchant ETH after payment: 10010.0

[Reorg simulation]
After revert, block: 0
Merchant ETH after revert: 10000.0

[Attacker private chain]
Double-spend tx hash: 0xac1e9a24c0f83e482f8d1205a5bfcb86f0f301d61d8f37e46328d7cc92646390
Private chain block: 6
Merchant ETH final: 10000.0
Attacker2 ETH final: 10010.0
    โ payment looks confirmed on honest chain, then disappears after simulated reorg


  1 passing (34ms)

ยทยทยทยทยทยทยทยทยทยทยทยทยทยทยทยทยทยทยทยทยทยทยทยทยทยทยทยทยทยทยทยทยทยทยทยทยทยทยทยทยทยทยทยทยทยทยทยทยทยทยทยทยทยทยทยทยทยทยทยทยทยทยทยทยทยทยทยทยทยทยทยทยทยทยทยทยทยทยทยทยทยทยทยทยทยทยทยทยทยทยทยทยทยทยทยทยทยทยทยทยทยทยทยทยทยทยทยทยท
|  [32m[1mSolidity and Network Configuration[22m[39m                                                                       โ
ยทยทยทยทยทยทยทยทยทยทยทยทยทยทยทยทยทยทยทยทยทยทยทยท|ยทยทยทยทยทยทยทยทยทยทยทยทยทยทยทยทยทยท|ยทยทยทยทยทยทยทยทยทยทยทยทยทยทยท|ยทยทยทยทยทยทยทยทยทยทยทยทยทยทยทยทยทยท|ยทยทยทยทยทยทยทยทยทยทยทยทยทยทยทยทยทยทยทยทยทยทยทยทยทยทยทยทยทยท
|  [36mSolidity: 0.8.28[39m     ยท  [36mOptim: false[39m    ยท  [36mRuns: 200[39m    ยท  [36mviaIR: false[39m    ยท    [36mBlock: 30,000,000 gas[39m    โ
ยทยทยทยทยทยทยทยทยทยทยทยทยทยทยทยทยทยทยทยทยทยทยทยท|ยทยทยทยทยทยทยทยทยทยทยทยทยทยทยทยทยทยท|ยทยทยทยทยทยทยทยทยทยทยทยทยทยทยท|ยทยทยทยทยทยทยทยทยทยทยทยทยทยทยทยทยทยท|ยทยทยทยทยทยทยทยทยทยทยทยทยทยทยทยทยทยทยทยทยทยทยทยทยทยทยทยทยทยท
|  [32m[1mMethods[22m[39m                                                                                                  โ
ยทยทยทยทยทยทยทยทยทยทยทยทยทยทยทยทยทยทยทยทยทยทยทยท|ยทยทยทยทยทยทยทยทยทยทยทยทยทยทยทยทยทยท|ยทยทยทยทยทยทยทยทยทยทยทยทยทยทยท|ยทยทยทยทยทยทยทยทยทยทยทยทยทยทยทยทยทยท|ยทยทยทยทยทยทยทยทยทยทยทยทยท|ยทยทยทยทยทยทยทยทยทยทยทยทยทยทยทยท
|  [32m[1mContracts / Methods[22m[39m  ยท  [1mMin[22m             ยท  [1mMax[22m          ยท  [1mAvg[22m             ยท  [1m# calls[22m    ยท  [1musd (avg)[22m    โ
ยทยทยทยทยทยทยทยทยทยทยทยทยทยทยทยทยทยทยทยทยทยทยทยท|ยทยทยทยทยทยทยทยทยทยทยทยทยทยทยทยทยทยท|ยทยทยทยทยทยทยทยทยทยทยทยทยทยทยท|ยทยทยทยทยทยทยทยทยทยทยทยทยทยทยทยทยทยท|ยทยทยทยทยทยทยทยทยทยทยทยทยท|ยทยทยทยทยทยทยทยทยทยทยทยทยทยทยทยท
|  [32m[1mKey[22m[39m                                                                                                      โ
ยทยทยทยทยทยทยทยทยทยทยทยทยทยทยทยทยทยทยทยทยทยทยทยทยทยทยทยทยทยทยทยทยทยทยทยทยทยทยทยทยทยทยทยทยทยทยทยทยทยทยทยทยทยทยทยทยทยทยทยทยทยทยทยทยทยทยทยทยทยทยทยทยทยทยทยทยทยทยทยทยทยทยทยทยทยทยทยทยทยทยทยทยทยทยทยทยทยทยทยทยทยทยทยทยทยทยทยทยท
|  [35m[1mโฏ[22m[39m  Execution gas for this method does not include intrinsic gas overhead                                 โ
ยทยทยทยทยทยทยทยทยทยทยทยทยทยทยทยทยทยทยทยทยทยทยทยทยทยทยทยทยทยทยทยทยทยทยทยทยทยทยทยทยทยทยทยทยทยทยทยทยทยทยทยทยทยทยทยทยทยทยทยทยทยทยทยทยทยทยทยทยทยทยทยทยทยทยทยทยทยทยทยทยทยทยทยทยทยทยทยทยทยทยทยทยทยทยทยทยทยทยทยทยทยทยทยทยทยทยทยทยท
|  [35m[1mโณ[22m[39m  Cost was non-zero but below the precision setting for the currency display (see options)              โ
ยทยทยทยทยทยทยทยทยทยทยทยทยทยทยทยทยทยทยทยทยทยทยทยทยทยทยทยทยทยทยทยทยทยทยทยทยทยทยทยทยทยทยทยทยทยทยทยทยทยทยทยทยทยทยทยทยทยทยทยทยทยทยทยทยทยทยทยทยทยทยทยทยทยทยทยทยทยทยทยทยทยทยทยทยทยทยทยทยทยทยทยทยทยทยทยทยทยทยทยทยทยทยทยทยทยทยทยทยท
|  [35mToolchain:[39m  hardhat                                                                                      โ
ยทยทยทยทยทยทยทยทยทยทยทยทยทยทยทยทยทยทยทยทยทยทยทยทยทยทยทยทยทยทยทยทยทยทยทยทยทยทยทยทยทยทยทยทยทยทยทยทยทยทยทยทยทยทยทยทยทยทยทยทยทยทยทยทยทยทยทยทยทยทยทยทยทยทยทยทยทยทยทยทยทยทยทยทยทยทยทยทยทยทยทยทยทยทยทยทยทยทยทยทยทยทยทยทยทยทยทยทยท
