[dotenv@17.2.3] injecting env (3) from .env -- tip: ๐๏ธ backup and recover secrets: https://dotenvx.com/ops
Compiled 1 Solidity file successfully (evm target: paris).


  4.3 Front-running Attack (simplified demo)
Victim tx index: 1 status: 0
Attacker tx index: 0 status: 1
    โ attacker front-runs victim by paying higher fee, victim tx reverts (52ms)


  1 passing (53ms)

ยทยทยทยทยทยทยทยทยทยทยทยทยทยทยทยทยทยทยทยทยทยทยทยทยทยทยทยทยทยทยทยทยทยทยทยทยทยทยทยทยทยทยทยทยทยทยทยทยทยทยทยทยทยทยทยทยทยทยทยทยทยทยทยทยทยทยทยทยทยทยทยทยทยทยทยทยทยทยทยทยทยทยทยทยทยทยทยทยทยทยทยทยทยทยทยทยทยทยทยทยทยทยทยทยทยทยทยทยท
|  [32m[1mSolidity and Network Configuration[22m[39m                                                                       โ
ยทยทยทยทยทยทยทยทยทยทยทยทยทยทยทยทยทยทยทยทยทยทยทยท|ยทยทยทยทยทยทยทยทยทยทยทยทยทยทยทยทยท|ยทยทยทยทยทยทยทยทยทยทยทยทยทยทยท|ยทยทยทยทยทยทยทยทยทยทยทยทยทยทยทยทยท|ยทยทยทยทยทยทยทยทยทยทยทยทยทยทยทยทยทยทยทยทยทยทยทยทยทยทยทยทยทยทยทยท
|  [36mSolidity: 0.8.28[39m     ยท  [36mOptim: false[39m   ยท  [36mRuns: 200[39m    ยท  [36mviaIR: false[39m   ยท     [36mBlock: 30,000,000 gas[39m     โ
ยทยทยทยทยทยทยทยทยทยทยทยทยทยทยทยทยทยทยทยทยทยทยทยท|ยทยทยทยทยทยทยทยทยทยทยทยทยทยทยทยทยท|ยทยทยทยทยทยทยทยทยทยทยทยทยทยทยท|ยทยทยทยทยทยทยทยทยทยทยทยทยทยทยทยทยท|ยทยทยทยทยทยทยทยทยทยทยทยทยทยทยทยทยทยทยทยทยทยทยทยทยทยทยทยทยทยทยทยท
|  [32m[1mMethods[22m[39m                                                                                                  โ
ยทยทยทยทยทยทยทยทยทยทยทยทยทยทยทยทยทยทยทยทยทยทยทยท|ยทยทยทยทยทยทยทยทยทยทยทยทยทยทยทยทยท|ยทยทยทยทยทยทยทยทยทยทยทยทยทยทยท|ยทยทยทยทยทยทยทยทยทยทยทยทยทยทยทยทยท|ยทยทยทยทยทยทยทยทยทยทยทยทยทยทยทยท|ยทยทยทยทยทยทยทยทยทยทยทยทยทยทยท
|  [32m[1mContracts / Methods[22m[39m  ยท  [1mMin[22m            ยท  [1mMax[22m          ยท  [1mAvg[22m            ยท  [1m# calls[22m       ยท  [1musd (avg)[22m   โ
ยทยทยทยทยทยทยทยทยทยทยทยทยทยทยทยทยทยทยทยทยทยทยทยท|ยทยทยทยทยทยทยทยทยทยทยทยทยทยทยทยทยท|ยทยทยทยทยทยทยทยทยทยทยทยทยทยทยท|ยทยทยทยทยทยทยทยทยทยทยทยทยทยทยทยทยท|ยทยทยทยทยทยทยทยทยทยทยทยทยทยทยทยท|ยทยทยทยทยทยทยทยทยทยทยทยทยทยทยท
|  [1mFirstComeMint[22m        ยท                                                                                   โ
ยทยทยทยทยทยทยทยทยทยทยทยทยทยทยทยทยทยทยทยทยทยทยทยท|ยทยทยทยทยทยทยทยทยทยทยทยทยทยทยทยทยท|ยทยทยทยทยทยทยทยทยทยทยทยทยทยทยท|ยทยทยทยทยทยทยทยทยทยทยทยทยทยทยทยทยท|ยทยทยทยทยทยทยทยทยทยทยทยทยทยทยทยท|ยทยทยทยทยทยทยทยทยทยทยทยทยทยทยท
|      mint             ยท         [36m23,598[39m  ยท       [31m45,298[39m  ยท         34,448  ยท             2  ยท           [32m[90m-[39m[32m[39m  โ
ยทยทยทยทยทยทยทยทยทยทยทยทยทยทยทยทยทยทยทยทยทยทยทยท|ยทยทยทยทยทยทยทยทยทยทยทยทยทยทยทยทยท|ยทยทยทยทยทยทยทยทยทยทยทยทยทยทยท|ยทยทยทยทยทยทยทยทยทยทยทยทยทยทยทยทยท|ยทยทยทยทยทยทยทยทยทยทยทยทยทยทยทยท|ยทยทยทยทยทยทยทยทยทยทยทยทยทยทยท
|  [32m[1mDeployments[22m[39m                            ยท                                 ยท  [1m% of limit[22m    ยท              โ
ยทยทยทยทยทยทยทยทยทยทยทยทยทยทยทยทยทยทยทยทยทยทยทยท|ยทยทยทยทยทยทยทยทยทยทยทยทยทยทยทยทยท|ยทยทยทยทยทยทยทยทยทยทยทยทยทยทยท|ยทยทยทยทยทยทยทยทยทยทยทยทยทยทยทยทยท|ยทยทยทยทยทยทยทยทยทยทยทยทยทยทยทยท|ยทยทยทยทยทยทยทยทยทยทยทยทยทยทยท
|  [1mFirstComeMint[22m        ยท              [90m-[39m  ยท            [90m-[39m  ยท        194,201  ยท         0.6 %  ยท           [32m[90m-[39m[32m[39m  โ
ยทยทยทยทยทยทยทยทยทยทยทยทยทยทยทยทยทยทยทยทยทยทยทยท|ยทยทยทยทยทยทยทยทยทยทยทยทยทยทยทยทยท|ยทยทยทยทยทยทยทยทยทยทยทยทยทยทยท|ยทยทยทยทยทยทยทยทยทยทยทยทยทยทยทยทยท|ยทยทยทยทยทยทยทยทยทยทยทยทยทยทยทยท|ยทยทยทยทยทยทยทยทยทยทยทยทยทยทยท
|  [32m[1mKey[22m[39m                                                                                                      โ
ยทยทยทยทยทยทยทยทยทยทยทยทยทยทยทยทยทยทยทยทยทยทยทยทยทยทยทยทยทยทยทยทยทยทยทยทยทยทยทยทยทยทยทยทยทยทยทยทยทยทยทยทยทยทยทยทยทยทยทยทยทยทยทยทยทยทยทยทยทยทยทยทยทยทยทยทยทยทยทยทยทยทยทยทยทยทยทยทยทยทยทยทยทยทยทยทยทยทยทยทยทยทยทยทยทยทยทยทยท
|  [35m[1mโฏ[22m[39m  Execution gas for this method does not include intrinsic gas overhead                                 โ
ยทยทยทยทยทยทยทยทยทยทยทยทยทยทยทยทยทยทยทยทยทยทยทยทยทยทยทยทยทยทยทยทยทยทยทยทยทยทยทยทยทยทยทยทยทยทยทยทยทยทยทยทยทยทยทยทยทยทยทยทยทยทยทยทยทยทยทยทยทยทยทยทยทยทยทยทยทยทยทยทยทยทยทยทยทยทยทยทยทยทยทยทยทยทยทยทยทยทยทยทยทยทยทยทยทยทยทยทยท
|  [35m[1mโณ[22m[39m  Cost was non-zero but below the precision setting for the currency display (see options)              โ
ยทยทยทยทยทยทยทยทยทยทยทยทยทยทยทยทยทยทยทยทยทยทยทยทยทยทยทยทยทยทยทยทยทยทยทยทยทยทยทยทยทยทยทยทยทยทยทยทยทยทยทยทยทยทยทยทยทยทยทยทยทยทยทยทยทยทยทยทยทยทยทยทยทยทยทยทยทยทยทยทยทยทยทยทยทยทยทยทยทยทยทยทยทยทยทยทยทยทยทยทยทยทยทยทยทยทยทยทยท
|  [35mToolchain:[39m  hardhat                                                                                      โ
ยทยทยทยทยทยทยทยทยทยทยทยทยทยทยทยทยทยทยทยทยทยทยทยทยทยทยทยทยทยทยทยทยทยทยทยทยทยทยทยทยทยทยทยทยทยทยทยทยทยทยทยทยทยทยทยทยทยทยทยทยทยทยทยทยทยทยทยทยทยทยทยทยทยทยทยทยทยทยทยทยทยทยทยทยทยทยทยทยทยทยทยทยทยทยทยทยทยทยทยทยทยทยทยทยทยทยทยทยท
