[dotenv@17.2.3] injecting env (3) from .env -- tip: ๐๏ธ backup and recover secrets: https://dotenvx.com/ops
Compiled 1 Solidity file successfully (evm target: paris).


  5.3 Access Control Fix Regression

[VULN]
Vault ETH before: 5.0
Owner before: 0xf39Fd6e51aad88F6F4ce6aB8827279cffFb92266
Owner after: 0x70997970C51812dc3A010C7d01b50e0d17dc79C8
Vault ETH after: 0.0
    โ VULN: attacker can take over owner and withdraw all (60ms)

[FIXED]
Vault ETH before: 5.0
Owner before: 0xf39Fd6e51aad88F6F4ce6aB8827279cffFb92266
Vault ETH after: 5.0
    โ FIXED: attacker should NOT be able to take over owner or withdraw


  2 passing (84ms)

ยทยทยทยทยทยทยทยทยทยทยทยทยทยทยทยทยทยทยทยทยทยทยทยทยทยทยทยทยทยทยทยทยทยทยทยทยทยทยทยทยทยทยทยทยทยทยทยทยทยทยทยทยทยทยทยทยทยทยทยทยทยทยทยทยทยทยทยทยทยทยทยทยทยทยทยทยทยทยทยทยทยทยทยทยทยทยทยทยทยทยทยทยทยทยทยทยทยทยทยทยทยทยทยทยทยทยทยทยท
|  [32m[1mSolidity and Network Configuration[22m[39m                                                                       โ
ยทยทยทยทยทยทยทยทยทยทยทยทยทยทยทยทยทยทยทยทยทยทยทยท|ยทยทยทยทยทยทยทยทยทยทยทยทยทยทยทยทยท|ยทยทยทยทยทยทยทยทยทยทยทยทยทยทยท|ยทยทยทยทยทยทยทยทยทยทยทยทยทยทยทยทยท|ยทยทยทยทยทยทยทยทยทยทยทยทยทยทยทยทยทยทยทยทยทยทยทยทยทยทยทยทยทยทยทยท
|  [36mSolidity: 0.8.28[39m     ยท  [36mOptim: false[39m   ยท  [36mRuns: 200[39m    ยท  [36mviaIR: false[39m   ยท     [36mBlock: 30,000,000 gas[39m     โ
ยทยทยทยทยทยทยทยทยทยทยทยทยทยทยทยทยทยทยทยทยทยทยทยท|ยทยทยทยทยทยทยทยทยทยทยทยทยทยทยทยทยท|ยทยทยทยทยทยทยทยทยทยทยทยทยทยทยท|ยทยทยทยทยทยทยทยทยทยทยทยทยทยทยทยทยท|ยทยทยทยทยทยทยทยทยทยทยทยทยทยทยทยทยทยทยทยทยทยทยทยทยทยทยทยทยทยทยทยท
|  [32m[1mMethods[22m[39m                                                                                                  โ
ยทยทยทยทยทยทยทยทยทยทยทยทยทยทยทยทยทยทยทยทยทยทยทยท|ยทยทยทยทยทยทยทยทยทยทยทยทยทยทยทยทยท|ยทยทยทยทยทยทยทยทยทยทยทยทยทยทยท|ยทยทยทยทยทยทยทยทยทยทยทยทยทยทยทยทยท|ยทยทยทยทยทยทยทยทยทยทยทยทยทยทยทยท|ยทยทยทยทยทยทยทยทยทยทยทยทยทยทยท
|  [32m[1mContracts / Methods[22m[39m  ยท  [1mMin[22m            ยท  [1mMax[22m          ยท  [1mAvg[22m            ยท  [1m# calls[22m       ยท  [1musd (avg)[22m   โ
ยทยทยทยทยทยทยทยทยทยทยทยทยทยทยทยทยทยทยทยทยทยทยทยท|ยทยทยทยทยทยทยทยทยทยทยทยทยทยทยทยทยท|ยทยทยทยทยทยทยทยทยทยทยทยทยทยทยท|ยทยทยทยทยทยทยทยทยทยทยทยทยทยทยทยทยท|ยทยทยทยทยทยทยทยทยทยทยทยทยทยทยทยท|ยทยทยทยทยทยทยทยทยทยทยทยทยทยทยท
|  [1mAccessControlVuln[22m    ยท                                                                                   โ
ยทยทยทยทยทยทยทยทยทยทยทยทยทยทยทยทยทยทยทยทยทยทยทยท|ยทยทยทยทยทยทยทยทยทยทยทยทยทยทยทยทยท|ยทยทยทยทยทยทยทยทยทยทยทยทยทยทยท|ยทยทยทยทยทยทยทยทยทยทยทยทยทยทยทยทยท|ยทยทยทยทยทยทยทยทยทยทยทยทยทยทยทยท|ยทยทยทยทยทยทยทยทยทยทยทยทยทยทยท
|      setOwner         ยท              [90m-[39m  ยท            [90m-[39m  ยท         26,932  ยท             1  ยท           [32m[90m-[39m[32m[39m  โ
ยทยทยทยทยทยทยทยทยทยทยทยทยทยทยทยทยทยทยทยทยทยทยทยท|ยทยทยทยทยทยทยทยทยทยทยทยทยทยทยทยทยท|ยทยทยทยทยทยทยทยทยทยทยทยทยทยทยท|ยทยทยทยทยทยทยทยทยทยทยทยทยทยทยทยทยท|ยทยทยทยทยทยทยทยทยทยทยทยทยทยทยทยท|ยทยทยทยทยทยทยทยทยทยทยทยทยทยทยท
|      withdrawAll      ยท              [90m-[39m  ยท            [90m-[39m  ยท         30,280  ยท             1  ยท           [32m[90m-[39m[32m[39m  โ
ยทยทยทยทยทยทยทยทยทยทยทยทยทยทยทยทยทยทยทยทยทยทยทยท|ยทยทยทยทยทยทยทยทยทยทยทยทยทยทยทยทยท|ยทยทยทยทยทยทยทยทยทยทยทยทยทยทยท|ยทยทยทยทยทยทยทยทยทยทยทยทยทยทยทยทยท|ยทยทยทยทยทยทยทยทยทยทยทยทยทยทยทยท|ยทยทยทยทยทยทยทยทยทยทยทยทยทยทยท
|  [32m[1mDeployments[22m[39m                            ยท                                 ยท  [1m% of limit[22m    ยท              โ
ยทยทยทยทยทยทยทยทยทยทยทยทยทยทยทยทยทยทยทยทยทยทยทยท|ยทยทยทยทยทยทยทยทยทยทยทยทยทยทยทยทยท|ยทยทยทยทยทยทยทยทยทยทยทยทยทยทยท|ยทยทยทยทยทยทยทยทยทยทยทยทยทยทยทยทยท|ยทยทยทยทยทยทยทยทยทยทยทยทยทยทยทยท|ยทยทยทยทยทยทยทยทยทยทยทยทยทยทยท
|  [1mAccessControlFixed[22m   ยท              [90m-[39m  ยท            [90m-[39m  ยท        291,381  ยท           1 %  ยท           [32m[90m-[39m[32m[39m  โ
ยทยทยทยทยทยทยทยทยทยทยทยทยทยทยทยทยทยทยทยทยทยทยทยท|ยทยทยทยทยทยทยทยทยทยทยทยทยทยทยทยทยท|ยทยทยทยทยทยทยทยทยทยทยทยทยทยทยท|ยทยทยทยทยทยทยทยทยทยทยทยทยทยทยทยทยท|ยทยทยทยทยทยทยทยทยทยทยทยทยทยทยทยท|ยทยทยทยทยทยทยทยทยทยทยทยทยทยทยท
|  [1mAccessControlVuln[22m    ยท              [90m-[39m  ยท            [90m-[39m  ยท        261,016  ยท         0.9 %  ยท           [32m[90m-[39m[32m[39m  โ
ยทยทยทยทยทยทยทยทยทยทยทยทยทยทยทยทยทยทยทยทยทยทยทยท|ยทยทยทยทยทยทยทยทยทยทยทยทยทยทยทยทยท|ยทยทยทยทยทยทยทยทยทยทยทยทยทยทยท|ยทยทยทยทยทยทยทยทยทยทยทยทยทยทยทยทยท|ยทยทยทยทยทยทยทยทยทยทยทยทยทยทยทยท|ยทยทยทยทยทยทยทยทยทยทยทยทยทยทยท
|  [32m[1mKey[22m[39m                                                                                                      โ
ยทยทยทยทยทยทยทยทยทยทยทยทยทยทยทยทยทยทยทยทยทยทยทยทยทยทยทยทยทยทยทยทยทยทยทยทยทยทยทยทยทยทยทยทยทยทยทยทยทยทยทยทยทยทยทยทยทยทยทยทยทยทยทยทยทยทยทยทยทยทยทยทยทยทยทยทยทยทยทยทยทยทยทยทยทยทยทยทยทยทยทยทยทยทยทยทยทยทยทยทยทยทยทยทยทยทยทยทยท
|  [35m[1mโฏ[22m[39m  Execution gas for this method does not include intrinsic gas overhead                                 โ
ยทยทยทยทยทยทยทยทยทยทยทยทยทยทยทยทยทยทยทยทยทยทยทยทยทยทยทยทยทยทยทยทยทยทยทยทยทยทยทยทยทยทยทยทยทยทยทยทยทยทยทยทยทยทยทยทยทยทยทยทยทยทยทยทยทยทยทยทยทยทยทยทยทยทยทยทยทยทยทยทยทยทยทยทยทยทยทยทยทยทยทยทยทยทยทยทยทยทยทยทยทยทยทยทยทยทยทยทยท
|  [35m[1mโณ[22m[39m  Cost was non-zero but below the precision setting for the currency display (see options)              โ
ยทยทยทยทยทยทยทยทยทยทยทยทยทยทยทยทยทยทยทยทยทยทยทยทยทยทยทยทยทยทยทยทยทยทยทยทยทยทยทยทยทยทยทยทยทยทยทยทยทยทยทยทยทยทยทยทยทยทยทยทยทยทยทยทยทยทยทยทยทยทยทยทยทยทยทยทยทยทยทยทยทยทยทยทยทยทยทยทยทยทยทยทยทยทยทยทยทยทยทยทยทยทยทยทยทยทยทยทยท
|  [35mToolchain:[39m  hardhat                                                                                      โ
ยทยทยทยทยทยทยทยทยทยทยทยทยทยทยทยทยทยทยทยทยทยทยทยทยทยทยทยทยทยทยทยทยทยทยทยทยทยทยทยทยทยทยทยทยทยทยทยทยทยทยทยทยทยทยทยทยทยทยทยทยทยทยทยทยทยทยทยทยทยทยทยทยทยทยทยทยทยทยทยทยทยทยทยทยทยทยทยทยทยทยทยทยทยทยทยทยทยทยทยทยทยทยทยทยทยทยทยทยท
